[debug] [2021-02-09T04:19:17.686Z] ----------------------------------------------------------------------
[debug] [2021-02-09T04:19:17.688Z] Command:       C:\Program Files\nodejs\node.exe C:\Users\BEATZ\AppData\Roaming\npm\node_modules\firebase-tools\lib\bin\firebase.js init
[debug] [2021-02-09T04:19:17.689Z] CLI Version:   9.2.2
[debug] [2021-02-09T04:19:17.689Z] Platform:      win32
[debug] [2021-02-09T04:19:17.689Z] Node Version:  v14.5.0
[debug] [2021-02-09T04:19:17.691Z] Time:          Tue Feb 09 2021 09:19:17 GMT+0500 (Pakistan Standard Time)
[debug] [2021-02-09T04:19:17.691Z] ----------------------------------------------------------------------
[debug] [2021-02-09T04:19:17.691Z] 
[debug] [2021-02-09T04:19:17.694Z] >>> [apiv2][query] GET https://firebase-public.firebaseio.com/cli.json [none]
[debug] [2021-02-09T04:19:17.722Z] > command requires scopes: ["email","openid","https://www.googleapis.com/auth/cloudplatformprojects.readonly","https://www.googleapis.com/auth/firebase","https://www.googleapis.com/auth/cloud-platform"]
[debug] [2021-02-09T04:19:17.723Z] > authorizing via signed-in user
[info] 
     ######## #### ########  ######## ########     ###     ######  ########
     ##        ##  ##     ## ##       ##     ##  ##   ##  ##       ##
     ######    ##  ########  ######   ########  #########  ######  ######
     ##        ##  ##    ##  ##       ##     ## ##     ##       ## ##
     ##       #### ##     ## ######## ########  ##     ##  ######  ########

You're about to initialize a Firebase project in this directory:

  D:\React projects\pwa_app_project_7a

[debug] [2021-02-09T04:19:19.366Z] <<< [apiv2][status] GET https://firebase-public.firebaseio.com/cli.json 200
[debug] [2021-02-09T04:19:19.367Z] <<< [apiv2][body] GET https://firebase-public.firebaseio.com/cli.json {"cloudBuildErrorAfter":1594252800000,"cloudBuildWarnAfter":1590019200000,"defaultNode10After":1594252800000,"minVersion":"3.0.5","node8DeploysDisabledAfter":1613390400000,"node8RuntimeDisabledAfter":1615809600000,"node8WarnAfter":1600128000000}
[info] 
=== Project Setup
[info] 
[info] First, let's associate this project directory with a Firebase project.
[info] You can create multiple project aliases by running firebase use --add, 
[info] but for now we'll just set up a default project.
[info] 
[debug] [2021-02-09T04:19:38.724Z] > refreshing access token with scopes: []
[debug] [2021-02-09T04:19:38.725Z] >>> HTTP REQUEST POST https://www.googleapis.com/oauth2/v3/token  
 <request body omitted>
[debug] [2021-02-09T04:19:40.669Z] <<< HTTP RESPONSE 200 {"cache-control":"no-cache, no-store, max-age=0, must-revalidate","pragma":"no-cache","date":"Tue, 09 Feb 2021 04:19:39 GMT","expires":"Mon, 01 Jan 1990 00:00:00 GMT","content-type":"application/json; charset=utf-8","vary":"X-Origin, Referer, Origin,Accept-Encoding","server":"scaffolding on HTTPServer2","x-xss-protection":"0","x-frame-options":"SAMEORIGIN","x-content-type-options":"nosniff","alt-svc":"h3-29=\":443\"; ma=2592000,h3-T051=\":443\"; ma=2592000,h3-Q050=\":443\"; ma=2592000,h3-Q046=\":443\"; ma=2592000,h3-Q043=\":443\"; ma=2592000,quic=\":443\"; ma=2592000; v=\"46,43\"","accept-ranges":"none","transfer-encoding":"chunked"}
[debug] [2021-02-09T04:19:40.740Z] >>> [apiv2][query] GET https://firebase.googleapis.com/v1beta1/projects pageSize=100
[debug] [2021-02-09T04:19:41.673Z] <<< [apiv2][status] GET https://firebase.googleapis.com/v1beta1/projects 200
[debug] [2021-02-09T04:19:41.674Z] <<< [apiv2][body] GET https://firebase.googleapis.com/v1beta1/projects [omitted]
[info] i  Using project pwa-app-project-7a (Pwa-app-project-7a) 
[info] 
=== Hosting Setup
[info] 
[info] Your public directory is the folder (relative to your project directory) that
[info] will contain Hosting assets to be uploaded with firebase deploy. If you
[info] have a build process for your assets, use your build's output directory.
[info] 
[info] +  Wrote build/404.html 
[debug] [2021-02-09T04:21:19.351Z] >>> [apiv2][query] GET https://www.gstatic.com/firebasejs/releases.json [none]
[debug] [2021-02-09T04:21:20.399Z] <<< [apiv2][status] GET https://www.gstatic.com/firebasejs/releases.json 200
[debug] [2021-02-09T04:21:20.399Z] <<< [apiv2][body] GET https://www.gstatic.com/firebasejs/releases.json {"current":{"version":"8.2.6","browserURL":"https://www.gstatic.com/firebasejs/8.2.6/firebase.js","packageURL":"https://www.gstatic.com/firebasejs/8.2.6/firebase.tgz"},"live":{"version":"8.2","browserURL":"https://www.gstatic.com/firebasejs/live/8.2/firebase.js","packageURL":"https://www.gstatic.com/firebasejs/live/8.2/firebase.tgz"},"components":{"analytics":"https://www.gstatic.com/firebasejs/8.2.6/firebase-analytics.js","app":"https://www.gstatic.com/firebasejs/8.2.6/firebase-app.js","auth":"https://www.gstatic.com/firebasejs/8.2.6/firebase-auth.js","database":"https://www.gstatic.com/firebasejs/8.2.6/firebase-database.js","firestore":"https://www.gstatic.com/firebasejs/8.2.6/firebase-firestore.js","functions":"https://www.gstatic.com/firebasejs/8.2.6/firebase-functions.js","installations":"https://www.gstatic.com/firebasejs/8.2.6/firebase-installations.js","messaging":"https://www.gstatic.com/firebasejs/8.2.6/firebase-messaging.js","storage":"https://www.gstatic.com/firebasejs/8.2.6/firebase-storage.js","performance":"https://www.gstatic.com/firebasejs/8.2.6/firebase-performance.js","remote-config":"https://www.gstatic.com/firebasejs/8.2.6/firebase-remote-config.js","firestore.memory":"https://www.gstatic.com/firebasejs/8.2.6/firebase-firestore.memory.js"}}
[info] i  Skipping write of build/index.html 
[info] 
[info] i  Detected a .git folder at D:\React projects\pwa_app_project_7a 
[info] i  Authorizing with GitHub to upload your service account to a GitHub repository's secrets store. 
[info] 
[info] Visit this URL on this device to log in:
[info] https://github.com/login/oauth/authorize?client_id=89cf50f02ac6aaed3484&state=950012270&redirect_uri=http%3A%2F%2Flocalhost%3A9005&scope=read%3Auser%20repo%20public_repo
[info] 
[info] Waiting for authentication...
[debug] [2021-02-09T04:21:45.099Z] >>> HTTP REQUEST POST https://github.com/login/oauth/access_token  
 {"client_id":"89cf50f02ac6aaed3484","client_secret":"3330d14abc895d9a74d5f17cd7a00711fa2c5bf0","code":"db17f613c83f72e469a4","redirect_uri":"http://localhost:9005","state":"950012270"}
[debug] [2021-02-09T04:21:47.830Z] <<< HTTP RESPONSE 200 {"date":"Tue, 09 Feb 2021 04:21:46 GMT","content-type":"application/json; charset=utf-8","transfer-encoding":"chunked","server":"GitHub.com","vary":"X-PJAX, Accept-Encoding, Accept, X-Requested-With, Accept-Encoding","etag":"W/\"c55afbc846993c5eb2c2b8f92e665b79\"","cache-control":"max-age=0, private, must-revalidate","strict-transport-security":"max-age=31536000; includeSubdomains; preload","x-frame-options":"deny","x-content-type-options":"nosniff","x-xss-protection":"1; mode=block","referrer-policy":"origin-when-cross-origin, strict-origin-when-cross-origin","expect-ct":"max-age=2592000, report-uri=\"https://api.github.com/_private/browser/errors\"","content-security-policy":"default-src 'none'; base-uri 'self'; block-all-mixed-content; connect-src 'self' uploads.github.com www.githubstatus.com collector.githubapp.com api.github.com github-cloud.s3.amazonaws.com github-production-repository-file-5c1aeb.s3.amazonaws.com github-production-upload-manifest-file-7fdce7.s3.amazonaws.com github-production-user-asset-6210df.s3.amazonaws.com cdn.optimizely.com logx.optimizely.com/v1/events wss://alive.github.com; font-src github.githubassets.com; form-action 'self' github.com gist.github.com; frame-ancestors 'none'; frame-src render.githubusercontent.com; img-src 'self' data: github.githubassets.com identicons.github.com collector.githubapp.com github-cloud.s3.amazonaws.com *.githubusercontent.com; manifest-src 'self'; media-src 'none'; script-src github.githubassets.com; style-src 'unsafe-inline' github.githubassets.com; worker-src github.com/socket-worker-5029ae85.js gist.github.com/socket-worker-5029ae85.js","x-github-request-id":"51C4:0A44:143CC2:16ECBD:60220DD9"}
[debug] [2021-02-09T04:21:47.832Z] >>> [apiv2][query] GET https://api.github.com/user [none]
[debug] [2021-02-09T04:21:48.606Z] <<< [apiv2][status] GET https://api.github.com/user 200
[debug] [2021-02-09T04:21:48.607Z] <<< [apiv2][body] GET https://api.github.com/user {"login":"Bilalkhan4086","id":63542485,"node_id":"MDQ6VXNlcjYzNTQyNDg1","avatar_url":"https://avatars.githubusercontent.com/u/63542485?v=4","gravatar_id":"","url":"https://api.github.com/users/Bilalkhan4086","html_url":"https://github.com/Bilalkhan4086","followers_url":"https://api.github.com/users/Bilalkhan4086/followers","following_url":"https://api.github.com/users/Bilalkhan4086/following{/other_user}","gists_url":"https://api.github.com/users/Bilalkhan4086/gists{/gist_id}","starred_url":"https://api.github.com/users/Bilalkhan4086/starred{/owner}{/repo}","subscriptions_url":"https://api.github.com/users/Bilalkhan4086/subscriptions","organizations_url":"https://api.github.com/users/Bilalkhan4086/orgs","repos_url":"https://api.github.com/users/Bilalkhan4086/repos","events_url":"https://api.github.com/users/Bilalkhan4086/events{/privacy}","received_events_url":"https://api.github.com/users/Bilalkhan4086/received_events","type":"User","site_admin":false,"name":"Muhammad Bilal","company":null,"blog":"","location":"Mangla Hemlet ,Pakistan","email":null,"hireable":null,"bio":"Hi there,\r\nI am Muhammad Bilal from Pakistan.I am a React Web_App Developer.I am doing bachelor`s from Punjab University.And Now Learning Advance React.","twitter_username":null,"public_repos":21,"public_gists":0,"followers":0,"following":0,"created_at":"2020-04-12T11:20:33Z","updated_at":"2021-02-09T04:21:44Z","private_gists":0,"total_private_repos":2,"owned_private_repos":2,"disk_usage":75039,"collaborators":0,"two_factor_authentication":false,"plan":{"name":"free","space":976562499,"collaborators":0,"private_repos":10000}}
[info] 
[info] +  Success! Logged into GitHub as Bilalkhan4086 
[info] 
[debug] [2021-02-09T04:24:15.478Z] >>> [apiv2][query] GET https://api.github.com/repos/Bilalkhan86/pwa_app_project_7a/actions/secrets/public-key type=owner
[debug] [2021-02-09T04:24:16.306Z] <<< [apiv2][status] GET https://api.github.com/repos/Bilalkhan86/pwa_app_project_7a/actions/secrets/public-key 404
[debug] [2021-02-09T04:24:16.306Z] <<< [apiv2][body] GET https://api.github.com/repos/Bilalkhan86/pwa_app_project_7a/actions/secrets/public-key {"message":"Not Found","documentation_url":"https://docs.github.com/rest/reference/actions#get-a-repository-public-key"}
